<?xml version="1.0" encoding="UTF-8"?>
<TestRun id="5f620ee5-5b76-4f68-afc5-961e90d7d5fd" name="Administrator@SERVER 2010-06-10 12:06:28" runUser="SERVER\Administrator" xmlns="http://microsoft.com/schemas/VisualStudio/TeamTest/2006">
  <TestRunConfiguration name="本地测试运行" id="02a1add5-ee3f-4fb8-94b5-26a6ccdf6785">
    <Description>这是本地测试运行的默认测试运行配置。</Description>
    <Deployment runDeploymentRoot="C:\Documents and Settings\Administrator\My Documents\Visual Studio 2008\Projects\HCSMSSolution-trunk\TestResults\Administrator_SERVER 2010-06-10 12_06_28" enabled="false">
      <DeploymentItem filename="C:\Documents and Settings\Administrator\My Documents\Visual Studio 2008\Projects\HCSMSSolution-trunk\Model\bin\Debug\HCSMS.Model.dll" />
      <DeploymentItem filename="C:\Documents and Settings\Administrator\My Documents\Visual Studio 2008\Projects\HCSMSSolution-trunk\Model.Application\bin\Debug\HCSMS.Model.Application.dll" />
      <DeploymentItem filename="C:\Documents and Settings\Administrator\My Documents\Visual Studio 2008\Projects\HCSMSSolution-trunk\Pesentation\bin\Debug\HCSMS.Presentation.dll" />
      <DeploymentItem filename="C:\Documents and Settings\Administrator\My Documents\Visual Studio 2008\Projects\HCSMSSolution-trunk\Presentation.Impl\bin\Debug\HCSMS.Presentation.Impl.dll" />
    </Deployment>
    <TestTypeSpecific />
  </TestRunConfiguration>
  <ResultSummary outcome="Completed">
    <Counters total="1" executed="1" passed="1" error="0" failed="0" timeout="0" aborted="0" inconclusive="0" passedButRunAborted="0" notRunnable="0" notExecuted="0" disconnected="0" warning="0" completed="0" inProgress="0" pending="0" />
  </ResultSummary>
  <Times creation="2010-06-10T12:06:28.3702849+08:00" queuing="2010-06-10T12:06:28.5205009+08:00" start="2010-06-10T12:06:28.8209329+08:00" finish="2010-06-10T12:06:30.5233809+08:00" />
  <TestDefinitions>
    <UnitTest name="ChangeItemUITest" storage="c:\documents and settings\administrator\my documents\visual studio 2008\projects\hcsmssolution-trunk\presentation.impltestproject\bin\debug\presentation.impltestproject.dll" id="d7a11f5a-bccb-e788-f95e-ef74cd832f94">
      <Css projectStructure="" iteration="" />
      <Owners>
        <Owner name="" />
      </Owners>
      <Execution id="00396162-5132-4486-b8b7-9c93b7017208" />
      <TestMethod codeBase="C:\Documents and Settings\Administrator\My Documents\Visual Studio 2008\Projects\HCSMSSolution-trunk\Presentation.ImplTestProject\bin\Debug\Presentation.ImplTestProject.dll" adapterTypeName="Microsoft.VisualStudio.TestTools.TestTypes.Unit.UnitTestAdapter, Microsoft.VisualStudio.QualityTools.Tips.UnitTest.Adapter, Version=9.0.0.0, Culture=neutral, PublicKeyToken=b03f5f7f11d50a3a" className="Presentation.ImplTestProject.TableUITest, Presentation.ImplTestProject" name="ChangeItemUITest" />
    </UnitTest>
  </TestDefinitions>
  <TestLists>
    <TestList name="列表中未列出的结果" id="8c84fa94-04c1-424b-9868-57a2d4851a1d" />
    <TestList name="所有已加载的结果" id="19431567-8539-422a-85d7-44ee4e166bda" />
  </TestLists>
  <TestEntries>
    <TestEntry testId="d7a11f5a-bccb-e788-f95e-ef74cd832f94" executionId="00396162-5132-4486-b8b7-9c93b7017208" testListId="8c84fa94-04c1-424b-9868-57a2d4851a1d" />
  </TestEntries>
  <Results>
    <UnitTestResult executionId="00396162-5132-4486-b8b7-9c93b7017208" testId="d7a11f5a-bccb-e788-f95e-ef74cd832f94" testName="ChangeItemUITest" computerName="SERVER" duration="00:00:01.1822139" startTime="2010-06-10T12:06:28.9010481+08:00" endTime="2010-06-10T12:06:30.2129345+08:00" testType="13cdc9d9-ddb5-4fa4-a97d-d965ccfc6d4b" outcome="Passed" testListId="8c84fa94-04c1-424b-9868-57a2d4851a1d">
      <Output>
      </Output>
    </UnitTestResult>
  </Results>
</TestRun>